Printing average bitrate per move:
3.685438067883643
4.481689250298626
19.680079608800614
4.807356903703982
4.411841260497915
4.9955938255336685
6.11437808986126
5.215339552298706
6.724282822425154
4.674012489147407
5.235222135369243
Printing average bitrate per move:
3.685438067883643
4.481689250298626
19.680079608800614
4.807356903703982
4.411841260497915
4.9955938255336685
6.11437808986126
5.215339552298706
6.724282822425154
4.674012489147407
5.235222135369243
6.0873859404378345
5.141208241689129
4.213034867883292
20.277580272516463
5.003008420096909
5.235841281763255
5.4216672522744
7.282836559186928
5.669827042020166
5.956039846333185
5.250300712760249
18.598917566947417
5.129283016944966
5.134958561508516
4.964744692383256
9.971593795986816
5.670313790065424
19.563900075897095
5.58469224032369
5.031856964831792
4.830316955978992
2.2478705780652435
5.2801107605309
5.369189860804729
5.357552004618084
5.203828403076989
5.248901611445623
4.0435896634828055
5.515629878564875
0.7885304080013671
4.902883728247884
3.738025555248658
5.563069506809019
4.943781867496263
5.201406929932761
5.921156381007806
5.096629975097375
18.037359269607244
4.788912466749382
4.044346761326775
4.748196623841472
1.9387980404938414
24.26549565568706
17.908333976962226
5.101476512990753
1.0
5.129283016944966
0.9156609443374895
5.044394119358453
6.793740188773305
4.792277588993192
8.083729680224017
4.539012851037515
6.065960001021176
4.857980995127573
12.290306895964514
15.085125278580913
2.321928094887362
22.55918287770087
13.288721912488938
4.585155039262766
2.584962500721156
4.857980995127573
2.321928094887362
4.700439718141093
1.0
4.754887502163469
1.0
4.700439718141093
2.0
5.044394119358453
0.9993340981734868
5.129283016944966
1.5849625007211563
5.129283016944966
2.0
5.08746284125034
1.5849625007211563
3.98809656308533
4.029760837365164
5.439074841205119
11.974056022626426
4.348771299876025
3.8887620808357184
5.5066212979147915
4.445156380750032
4.571038752721153
5.42620138615046
4.586348484555168
5.610130248455767
7.427689078822497
18.931643587508955
4.7369781171584435
4.06611126081804
19.267362786357186
4.87528036517237
4.54497342518272
4.141868738548614
4.9069026172657475
4.567696510719626
4.997902632923462
4.163111704299487
4.832894232424518
5.236494276595237
4.67833582721355
5.770369231962355
6.249443634568866
4.805849353082095
6.615567056073194
5.44554101230554
5.184687767307121
7.37239534331129
4.786599916281383
5.511751048077321
5.084019525940253
5.470952751031413
4.162067984699953
5.507791865851847
5.781323647951915
5.555144604634362
5.114206791198351
5.2612971808403755
4.044728186115013
5.486870958332827
15.489408965260992
5.3617820264323015
4.241487420999514
5.1395511696899066
4.358089165252459
4.676357867281622
2.3093159535905157
5.412267317967328
4.624782105412668
4.295005606179084
3.95540935133595
5.055876248563992
0.35696852211704605
4.428966714785447
18.010276766272405
4.350782270836565
2.3784949775087427
5.934240310516419
3.4330555741232858
5.063698402999642
2.0
5.169925001442312
5.32166366469976
5.018255979043548
15.550897058324203
6.840134152897912
3.834252767864145
5.14372997006619
2.0704003193720824
5.651244237240517
0.00048065802238875276
4.484351156595152
1.080969427640312
5.880389543513064
1.0
5.250956906169584
9.971543553984752
5.247927513443585
4.122056823264106
5.20945336562895
4.1429057843123145
5.838603187911099
15.323512217006822
3.9389831939476627
7.250670172378892
4.495160201563168
1.6595842869876969
5.8345290898518565
4.470976329387364
4.321934918336642
5.073541624859976
4.954196310386876
4.681830284872897
17.65948031325031
4.651054639060904
5.599469567044335
5.272119671420546
4.383702402774141
5.540493587403639
4.0475989558160625
4.721089217854683
4.685766867998154
4.884848552131975
4.584990408733563
5.278566037417469
5.032899804520305
5.140480209563603
4.957782202157631
5.199242605966554
6.029081876587387
4.58089365378246
5.085414408908731
4.883025579682369
6.487528441684085
4.904658895966093
7.2935968177352715
5.05166383153805
5.1292887023334375
4.634576174536628
5.326336938563626
5.535036407156647
5.32192397301341
21.643965373981544
5.070389818589892
5.662949194929285
5.1394482925999485
5.322575218760444
4.877772381988236
5.841285079755572
5.896004711157654
5.169925001442312
6.374260093637713
4.520840478845842
5.019409204711094
-0.0
7.981711257540149
5.69045373055074
4.584962500721157
17.185165804809106
4.339853898924775
5.6628679968889974
3.723407437275098
6.54047527253842
6.136037932884848
4.516586225003172
4.722471645189319
16.580965135980694
4.258048668783939
4.826277254287763
5.24790853238733
6.357498052757328
4.732310203345988
5.122564051925945
